<?xml version="1.0" encoding="UTF-8"?>
<!-- Generated by org.testng.reporters.JUnitReportReporter -->
<testsuite skipped="0" hostname="Sabari" name="qa.api.engagedly.tests.users.GetUserTest" tests="2" failures="0" timestamp="22 Apr 2021 04:33:58 GMT" time="10.220" errors="0">
  <testcase name="getUserWithParam" time="2.785" classname="qa.api.engagedly.tests.users.GetUserTest"/>
  <testcase name="getAllUsersTest" time="7.435" classname="qa.api.engagedly.tests.users.GetUserTest"/>
</testsuite> <!-- qa.api.engagedly.tests.users.GetUserTest -->
