<?xml version="1.0" encoding="UTF-8"?>
<!-- Generated by org.testng.reporters.JUnitReportReporter -->
<testsuite skipped="0" hostname="Sabari" name="qa.api.engagedly.tests.GetUserTest" tests="2" failures="0" timestamp="22 Apr 2021 03:16:21 GMT" time="12.031" errors="0">
  <testcase name="getAllUsersTest" time="9.118" classname="qa.api.engagedly.tests.GetUserTest"/>
  <testcase name="getUserWithParam" time="2.913" classname="qa.api.engagedly.tests.GetUserTest"/>
</testsuite> <!-- qa.api.engagedly.tests.GetUserTest -->
