<?xml version="1.0" encoding="UTF-8"?>
<!-- Generated by org.testng.reporters.JUnitReportReporter -->
<testsuite skipped="0" hostname="Sabari" name="qa.api.engagedly.tests.users.GetIngurAPITest" tests="3" failures="0" timestamp="22 Apr 2021 04:33:58 GMT" time="15.612" errors="0">
  <testcase name="uploadImageTest" time="10.565" classname="qa.api.engagedly.tests.users.GetIngurAPITest"/>
  <testcase name="getAccountBlockStatusTest" time="2.695" classname="qa.api.engagedly.tests.users.GetIngurAPITest"/>
  <testcase name="getAccountImagesTest" time="2.352" classname="qa.api.engagedly.tests.users.GetIngurAPITest"/>
</testsuite> <!-- qa.api.engagedly.tests.users.GetIngurAPITest -->
