<?xml version="1.0" encoding="UTF-8"?>
<!-- Generated by org.testng.reporters.JUnitReportReporter -->
<testsuite skipped="0" hostname="Sabari" name="qa.api.engagedly.tests.GetIngurAPITest" tests="3" failures="0" timestamp="22 Apr 2021 03:16:21 GMT" time="14.277" errors="0">
  <testcase name="getAccountBlockStatusTest" time="2.793" classname="qa.api.engagedly.tests.GetIngurAPITest"/>
  <testcase name="uploadImageTest" time="9.396" classname="qa.api.engagedly.tests.GetIngurAPITest"/>
  <testcase name="getAccountImagesTest" time="2.088" classname="qa.api.engagedly.tests.GetIngurAPITest"/>
</testsuite> <!-- qa.api.engagedly.tests.GetIngurAPITest -->
