<?xml version="1.0" encoding="UTF-8"?>
<!-- Generated by org.testng.reporters.JUnitReportReporter -->
<testsuite skipped="0" hostname="Sabari" name="qa.api.engagedly.tests.performance.GetTemplate" tests="1" failures="0" timestamp="23 Apr 2021 02:48:51 GMT" time="5.380" errors="0">
  <testcase name="getTemplateByID" time="5.380" classname="qa.api.engagedly.tests.performance.GetTemplate"/>
</testsuite> <!-- qa.api.engagedly.tests.performance.GetTemplate -->
